app/build/intermediates/manifest_merge_blame_file/debug/manifest-merger-blame-debug-report.txt
1<?xml version="1.0" encoding="utf-8"?>
2<manifest xmlns:android="http://schemas.android.com/apk/res/android"
3    package="com.miaudioplay"
4    android:versionCode="1"
5    android:versionName="1.3" >
6
7    <uses-sdk
8        android:minSdkVersion="26"
9        android:targetSdkVersion="35" />
10
11    <!-- Network permissions -->
12    <uses-permission android:name="android.permission.INTERNET" />
12-->src\main\AndroidManifest.xml:6:5-67
12-->src\main\AndroidManifest.xml:6:22-64
13    <uses-permission android:name="android.permission.ACCESS_NETWORK_STATE" />
13-->src\main\AndroidManifest.xml:7:5-79
13-->src\main\AndroidManifest.xml:7:22-76
14
15    <!-- Permissions for Android 13+ -->
16    <uses-permission android:name="android.permission.READ_MEDIA_AUDIO" />
16-->src\main\AndroidManifest.xml:10:5-75
16-->src\main\AndroidManifest.xml:10:22-72
17
18    <!-- Fallback for older Android versions -->
19    <uses-permission
19-->src\main\AndroidManifest.xml:13:5-14:38
20        android:name="android.permission.READ_EXTERNAL_STORAGE"
20-->src\main\AndroidManifest.xml:13:22-77
21        android:maxSdkVersion="32" />
21-->src\main\AndroidManifest.xml:14:9-35
22    <uses-permission
22-->src\main\AndroidManifest.xml:15:5-17:40
23        android:name="android.permission.WRITE_EXTERNAL_STORAGE"
23-->src\main\AndroidManifest.xml:15:22-78
24        android:maxSdkVersion="32" />
24-->src\main\AndroidManifest.xml:16:9-35
25
26    <!-- Foreground service for background playback -->
27    <uses-permission android:name="android.permission.FOREGROUND_SERVICE" />
27-->src\main\AndroidManifest.xml:20:5-77
27-->src\main\AndroidManifest.xml:20:22-74
28    <uses-permission android:name="android.permission.FOREGROUND_SERVICE_MEDIA_PLAYBACK" />
28-->src\main\AndroidManifest.xml:21:5-92
28-->src\main\AndroidManifest.xml:21:22-89
29
30    <!-- Post notifications -->
31    <uses-permission android:name="android.permission.POST_NOTIFICATIONS" />
31-->src\main\AndroidManifest.xml:24:5-77
31-->src\main\AndroidManifest.xml:24:22-74
32
33    <!-- Wake lock for playback -->
34    <uses-permission android:name="android.permission.WAKE_LOCK" />
34-->src\main\AndroidManifest.xml:27:5-68
34-->src\main\AndroidManifest.xml:27:22-65
35
36    <permission
36-->[androidx.core:core:1.12.0] AndroidManifest.xml:22:5-24:47
37        android:name="com.miaudioplay.DYNAMIC_RECEIVER_NOT_EXPORTED_PERMISSION"
37-->[androidx.core:core:1.12.0] AndroidManifest.xml:23:9-81
38        android:protectionLevel="signature" />
38-->[androidx.core:core:1.12.0] AndroidManifest.xml:24:9-44
39
40    <uses-permission android:name="com.miaudioplay.DYNAMIC_RECEIVER_NOT_EXPORTED_PERMISSION" />
40-->[androidx.core:core:1.12.0] AndroidManifest.xml:26:5-97
40-->[androidx.core:core:1.12.0] AndroidManifest.xml:26:22-94
41
42    <application
42-->src\main\AndroidManifest.xml:29:5-60:19
43        android:name="com.miaudioplay.MiAudioPlayApp"
43-->src\main\AndroidManifest.xml:30:9-39
44        android:allowBackup="true"
44-->src\main\AndroidManifest.xml:31:9-35
45        android:appComponentFactory="androidx.core.app.CoreComponentFactory"
45-->[androidx.core:core:1.12.0] AndroidManifest.xml:28:18-86
46        android:debuggable="true"
47        android:extractNativeLibs="false"
48        android:icon="@mipmap/ic_launcher"
48-->src\main\AndroidManifest.xml:32:9-43
49        android:label="@string/app_name"
49-->src\main\AndroidManifest.xml:33:9-41
50        android:networkSecurityConfig="@xml/network_security_config"
50-->src\main\AndroidManifest.xml:37:9-69
51        android:roundIcon="@mipmap/ic_launcher_round"
51-->src\main\AndroidManifest.xml:34:9-54
52        android:supportsRtl="true"
52-->src\main\AndroidManifest.xml:35:9-35
53        android:testOnly="true"
54        android:theme="@style/Theme.MiAudioPlay" >
54-->src\main\AndroidManifest.xml:36:9-49
55        <activity
55-->src\main\AndroidManifest.xml:40:9-48:20
56            android:name="com.miaudioplay.MainActivity"
56-->src\main\AndroidManifest.xml:41:13-41
57            android:exported="true"
57-->src\main\AndroidManifest.xml:42:13-36
58            android:theme="@style/Theme.MiAudioPlay" >
58-->src\main\AndroidManifest.xml:43:13-53
59            <intent-filter>
59-->src\main\AndroidManifest.xml:44:13-47:29
60                <action android:name="android.intent.action.MAIN" />
60-->src\main\AndroidManifest.xml:45:17-69
60-->src\main\AndroidManifest.xml:45:25-66
61
62                <category android:name="android.intent.category.LAUNCHER" />
62-->src\main\AndroidManifest.xml:46:17-77
62-->src\main\AndroidManifest.xml:46:27-74
63            </intent-filter>
64        </activity>
65
66        <!-- Music playback service -->
67        <service
67-->src\main\AndroidManifest.xml:51:9-58:19
68            android:name="com.miaudioplay.service.MusicService"
68-->src\main\AndroidManifest.xml:52:13-49
69            android:exported="true"
69-->src\main\AndroidManifest.xml:53:13-36
70            android:foregroundServiceType="mediaPlayback" >
70-->src\main\AndroidManifest.xml:54:13-58
71            <intent-filter>
71-->src\main\AndroidManifest.xml:55:13-57:29
72                <action android:name="androidx.media3.session.MediaSessionService" />
72-->src\main\AndroidManifest.xml:56:17-86
72-->src\main\AndroidManifest.xml:56:25-83
73            </intent-filter>
74        </service>
75
76        <activity
76-->[androidx.compose.ui:ui-test-manifest:1.5.4] AndroidManifest.xml:23:9-25:39
77            android:name="androidx.activity.ComponentActivity"
77-->[androidx.compose.ui:ui-test-manifest:1.5.4] AndroidManifest.xml:24:13-63
78            android:exported="true" />
78-->[androidx.compose.ui:ui-test-manifest:1.5.4] AndroidManifest.xml:25:13-36
79        <activity
79-->[androidx.compose.ui:ui-tooling-android:1.5.4] AndroidManifest.xml:23:9-25:39
80            android:name="androidx.compose.ui.tooling.PreviewActivity"
80-->[androidx.compose.ui:ui-tooling-android:1.5.4] AndroidManifest.xml:24:13-71
81            android:exported="true" />
81-->[androidx.compose.ui:ui-tooling-android:1.5.4] AndroidManifest.xml:25:13-36
82
83        <provider
83-->[androidx.emoji2:emoji2:1.4.0] AndroidManifest.xml:24:9-32:20
84            android:name="androidx.startup.InitializationProvider"
84-->[androidx.emoji2:emoji2:1.4.0] AndroidManifest.xml:25:13-67
85            android:authorities="com.miaudioplay.androidx-startup"
85-->[androidx.emoji2:emoji2:1.4.0] AndroidManifest.xml:26:13-68
86            android:exported="false" >
86-->[androidx.emoji2:emoji2:1.4.0] AndroidManifest.xml:27:13-37
87            <meta-data
87-->[androidx.emoji2:emoji2:1.4.0] AndroidManifest.xml:29:13-31:52
88                android:name="androidx.emoji2.text.EmojiCompatInitializer"
88-->[androidx.emoji2:emoji2:1.4.0] AndroidManifest.xml:30:17-75
89                android:value="androidx.startup" />
89-->[androidx.emoji2:emoji2:1.4.0] AndroidManifest.xml:31:17-49
90            <meta-data
90-->[androidx.lifecycle:lifecycle-process:2.6.2] AndroidManifest.xml:29:13-31:52
91                android:name="androidx.lifecycle.ProcessLifecycleInitializer"
91-->[androidx.lifecycle:lifecycle-process:2.6.2] AndroidManifest.xml:30:17-78
92                android:value="androidx.startup" />
92-->[androidx.lifecycle:lifecycle-process:2.6.2] AndroidManifest.xml:31:17-49
93            <meta-data
93-->[androidx.profileinstaller:profileinstaller:1.3.1] AndroidManifest.xml:29:13-31:52
94                android:name="androidx.profileinstaller.ProfileInstallerInitializer"
94-->[androidx.profileinstaller:profileinstaller:1.3.1] AndroidManifest.xml:30:17-85
95                android:value="androidx.startup" />
95-->[androidx.profileinstaller:profileinstaller:1.3.1] AndroidManifest.xml:31:17-49
96        </provider>
97
98        <service
98-->[androidx.room:room-runtime:2.6.1] AndroidManifest.xml:24:9-28:63
99            android:name="androidx.room.MultiInstanceInvalidationService"
99-->[androidx.room:room-runtime:2.6.1] AndroidManifest.xml:25:13-74
100            android:directBootAware="true"
100-->[androidx.room:room-runtime:2.6.1] AndroidManifest.xml:26:13-43
101            android:exported="false" />
101-->[androidx.room:room-runtime:2.6.1] AndroidManifest.xml:27:13-37
102
103        <receiver
103-->[androidx.profileinstaller:profileinstaller:1.3.1] AndroidManifest.xml:34:9-52:20
104            android:name="androidx.profileinstaller.ProfileInstallReceiver"
104-->[androidx.profileinstaller:profileinstaller:1.3.1] AndroidManifest.xml:35:13-76
105            android:directBootAware="false"
105-->[androidx.profileinstaller:profileinstaller:1.3.1] AndroidManifest.xml:36:13-44
106            android:enabled="true"
106-->[androidx.profileinstaller:profileinstaller:1.3.1] AndroidManifest.xml:37:13-35
107            android:exported="true"
107-->[androidx.profileinstaller:profileinstaller:1.3.1] AndroidManifest.xml:38:13-36
108            android:permission="android.permission.DUMP" >
108-->[androidx.profileinstaller:profileinstaller:1.3.1] AndroidManifest.xml:39:13-57
109            <intent-filter>
109-->[androidx.profileinstaller:profileinstaller:1.3.1] AndroidManifest.xml:40:13-42:29
110                <action android:name="androidx.profileinstaller.action.INSTALL_PROFILE" />
110-->[androidx.profileinstaller:profileinstaller:1.3.1] AndroidManifest.xml:41:17-91
110-->[androidx.profileinstaller:profileinstaller:1.3.1] AndroidManifest.xml:41:25-88
111            </intent-filter>
112            <intent-filter>
112-->[androidx.profileinstaller:profileinstaller:1.3.1] AndroidManifest.xml:43:13-45:29
113                <action android:name="androidx.profileinstaller.action.SKIP_FILE" />
113-->[androidx.profileinstaller:profileinstaller:1.3.1] AndroidManifest.xml:44:17-85
113-->[androidx.profileinstaller:profileinstaller:1.3.1] AndroidManifest.xml:44:25-82
114            </intent-filter>
115            <intent-filter>
115-->[androidx.profileinstaller:profileinstaller:1.3.1] AndroidManifest.xml:46:13-48:29
116                <action android:name="androidx.profileinstaller.action.SAVE_PROFILE" />
116-->[androidx.profileinstaller:profileinstaller:1.3.1] AndroidManifest.xml:47:17-88
116-->[androidx.profileinstaller:profileinstaller:1.3.1] AndroidManifest.xml:47:25-85
117            </intent-filter>
118            <intent-filter>
118-->[androidx.profileinstaller:profileinstaller:1.3.1] AndroidManifest.xml:49:13-51:29
119                <action android:name="androidx.profileinstaller.action.BENCHMARK_OPERATION" />
119-->[androidx.profileinstaller:profileinstaller:1.3.1] AndroidManifest.xml:50:17-95
119-->[androidx.profileinstaller:profileinstaller:1.3.1] AndroidManifest.xml:50:25-92
120            </intent-filter>
121        </receiver>
122    </application>
123
124</manifest>